2026-02-27 22:15:55,423  INFO      main  ════════════════════════════════════════════════════════════
2026-02-27 22:15:55,475  INFO      main    FastAPI Door Access System  –  starting up …
2026-02-27 22:15:55,475  INFO      main  ════════════════════════════════════════════════════════════
2026-02-27 22:16:43,281  INFO      main  ============================================================
2026-02-27 22:16:43,296  INFO      main    FastAPI Door Access System  -  starting up ...
2026-02-27 22:16:43,296  INFO      main  ============================================================
2026-02-27 22:16:43,706  INFO      engine  [Engine] FAISS index loaded with 0 vector(s).
2026-02-27 22:16:43,707  INFO      main    Startup complete. API ready on http://0.0.0.0:8000
2026-02-27 22:22:35,366  INFO      main  ============================================================
2026-02-27 22:22:35,366  INFO      main    FastAPI Door Access System  -  starting up ...
2026-02-27 22:22:35,366  INFO      main  ============================================================
2026-02-27 22:22:35,734  INFO      engine  [Engine] FAISS index loaded with 0 vector(s).
2026-02-27 22:22:35,734  INFO      main    Startup complete. API ready on http://0.0.0.0:8000
2026-02-27 22:22:52,146  INFO      engine  [Engine] Loading MTCNN face detector ...
2026-02-27 22:22:52,176  INFO      engine  [Engine] MTCNN ready on cpu.
2026-02-27 22:22:52,177  INFO      engine  [Engine] Loading FaceNet InceptionResnetV1 (pretrained=vggface2) ...
2026-02-27 22:23:09,262  INFO      engine  [Engine] FaceNet ready on cpu.
2026-02-27 22:23:09,369  INFO      engine  [Engine] No face detected by MTCNN.
2026-02-27 22:23:09,370  WARNING   main  No face detected in uploaded file 'frame_0.jpg' – skipped.
2026-02-27 22:23:09,382  INFO      engine  [Engine] No face detected by MTCNN.
2026-02-27 22:23:09,382  WARNING   main  No face detected in uploaded file 'frame_1.jpg' – skipped.
2026-02-27 22:23:09,392  INFO      engine  [Engine] No face detected by MTCNN.
2026-02-27 22:23:09,392  WARNING   main  No face detected in uploaded file 'frame_2.jpg' – skipped.
2026-02-27 22:23:09,405  INFO      engine  [Engine] No face detected by MTCNN.
2026-02-27 22:23:09,406  WARNING   main  No face detected in uploaded file 'frame_3.jpg' – skipped.
2026-02-27 22:23:09,417  INFO      engine  [Engine] No face detected by MTCNN.
2026-02-27 22:23:09,417  WARNING   main  No face detected in uploaded file 'frame_4.jpg' – skipped.
2026-02-27 22:24:38,578  INFO      engine  [Engine] No face detected by MTCNN.
2026-02-27 22:24:38,578  WARNING   main  No face detected in uploaded file 'frame_0.jpg' – skipped.
2026-02-27 22:24:38,593  INFO      engine  [Engine] No face detected by MTCNN.
2026-02-27 22:24:38,593  WARNING   main  No face detected in uploaded file 'frame_1.jpg' – skipped.
2026-02-27 22:24:38,607  INFO      engine  [Engine] No face detected by MTCNN.
2026-02-27 22:24:38,608  WARNING   main  No face detected in uploaded file 'frame_2.jpg' – skipped.
2026-02-27 22:24:38,622  INFO      engine  [Engine] No face detected by MTCNN.
2026-02-27 22:24:38,623  WARNING   main  No face detected in uploaded file 'frame_3.jpg' – skipped.
2026-02-27 22:24:38,636  INFO      engine  [Engine] No face detected by MTCNN.
2026-02-27 22:24:38,637  WARNING   main  No face detected in uploaded file 'frame_4.jpg' – skipped.
2026-02-27 22:24:38,653  INFO      engine  [Engine] No face detected by MTCNN.
